{"/home/liza/Documents/ambulance-visualization/src/assets/logo.svg": {"path":"/home/liza/Documents/ambulance-visualization/src/assets/logo.svg","statementMap":{"0":{"start":{"line":1,"column":0},"end":{"line":1,"column":19}}},"fnMap":{},"branchMap":{},"s":{"0":1},"f":{},"b":{},"_coverageSchema":"43e27e138ebf9cfc5966b082cf9a028302ed4184","hash":"e27e9a48e36aff3e5786431d77dc1cdc9c2ae032"}
,"/home/liza/Documents/ambulance-visualization/src/components/HelloWorld.vue": {"path":"/home/liza/Documents/ambulance-visualization/src/components/HelloWorld.vue","statementMap":{"0":{"start":{"line":85,"column":0},"end":{"line":85,"column":null}},"1":{"start":{"line":90,"column":0},"end":{"line":90,"column":null}}},"fnMap":{"0":{"name":"(anonymous_1)","decl":{"start":{"line":90,"column":0},"end":{"line":90,"column":null}},"loc":{"start":{"line":90,"column":0},"end":{"line":90,"column":null}}}},"branchMap":{},"s":{"0":1,"1":1},"f":{"0":1},"b":{}}
}
